<?xml version="1.0" encoding="UTF-8"?>
<!-- Generated by org.testng.reporters.JUnitXMLReporter -->
<testsuite ignored="0" hostname="IBM-DK1C6F4" failures="0" tests="65" name="LoginTests" time="416.569" errors="0" timestamp="2026-02-23T11:17:28 IST">
  <testcase classname="com.example.Tests.LoginPageTest" name="loginWithEmptyFields" time="0.364"/>
  <testcase classname="com.example.Tests.LoginPageTest" name="loginWithInvalidEmail" time="0.616"/>
  <testcase classname="com.example.Tests.LoginPageTest" name="loginWithShortPassword" time="0.292"/>
  <testcase classname="com.example.Tests.LoginPageTest" name="loginWithWrongPassword" time="0.45"/>
  <testcase classname="com.example.Tests.LoginPageTest" name="multipleInvalidLoginAttempts" time="1.675"/>
  <testcase classname="com.example.Tests.LoginPageTest" name="verifyEmailFieldInput" time="0.168"/>
  <testcase classname="com.example.Tests.LoginPageTest" name="verifyLoginButtonEnabled" time="0.087"/>
  <testcase classname="com.example.Tests.LoginPageTest" name="verifyLoginPageLoads" time="0.036"/>
  <testcase classname="com.example.Tests.LoginPageTest" name="verifyPasswordIsHidden" time="0.064"/>
  <testcase classname="com.example.Tests.LoginPageTest" name="verifySignupTabSwitch" time="0.17"/>
  <testcase classname="com.example.Tests.HomePageTest" name="verifyGamesGridLoads" time="0.163"/>
  <testcase classname="com.example.Tests.HomePageTest" name="verifyHomePageLoads" time="0.084"/>
  <testcase classname="com.example.Tests.HomePageTest" name="verifyPageTitle" time="0.103"/>
  <testcase classname="com.example.Tests.HomePageTest" name="verifyResetButtonVisible" time="0.043"/>
  <testcase classname="com.example.Tests.HomePageTest" name="verifyResetClearsSearch" time="0.203"/>
  <testcase classname="com.example.Tests.HomePageTest" name="verifySearchBoxEnabled" time="0.057"/>
  <testcase classname="com.example.Tests.HomePageTest" name="verifySearchBoxInitiallyEmpty" time="0.057"/>
  <testcase classname="com.example.Tests.HomePageTest" name="verifySearchBoxVisible" time="0.061"/>
  <testcase classname="com.example.Tests.HomePageTest" name="verifySearchFunctionality" time="0.085"/>
  <testcase classname="com.example.Tests.HomePageTest" name="verifySearchValueUpdatesOnSecondInput" time="0.184"/>
  <testcase classname="com.example.Tests.HomePageTest" name="verifySubtitleIsVisibleAndNotEmpty" time="0.039"/>
  <testcase classname="com.example.Tests.HomePageTest" name="verifyToastContainerExists" time="0.02"/>
  <testcase classname="com.example.Tests.HomePageTest" name="verifyUnknownSearchShowsEmptyMessage" time="0.11"/>
  <testcase classname="com.example.Tests.HomePageTest" name="verifyUrlIsHomePage" time="0.012"/>
  <testcase classname="com.example.Tests.CartPageTest" name="verifyCartPageLoads" time="0.371"/>
  <testcase classname="com.example.Tests.CartPageTest" name="verifyCheckoutNavigatesToPaymentPage" time="1.143"/>
  <testcase classname="com.example.Tests.CartPageTest" name="verifyDecreaseQuantityDoesNotGoBelowOne" time="1.205"/>
  <testcase classname="com.example.Tests.CartPageTest" name="verifyEmptyCartMessageShown" time="0.355"/>
  <testcase classname="com.example.Tests.CartPageTest" name="verifyFooterHiddenWhenCartIsEmpty" time="0.355"/>
  <testcase classname="com.example.Tests.CartPageTest" name="verifyFooterVisibleWhenCartHasItems" time="1.328"/>
  <testcase classname="com.example.Tests.CartPageTest" name="verifyGrandTotalForMultipleItems" time="0.99"/>
  <testcase classname="com.example.Tests.CartPageTest" name="verifyGrandTotalForSingleItem" time="0.894"/>
  <testcase classname="com.example.Tests.CartPageTest" name="verifyIncreaseQuantityUpdatesCount" time="1.006"/>
  <testcase classname="com.example.Tests.CartPageTest" name="verifyRemoveItemMakesCartEmpty" time="11.128"/>
  <testcase classname="com.example.Tests.CartPageTest" name="verifyRemovingOneItemKeepsOtherItemInCart" time="0.943"/>
  <testcase classname="com.example.Tests.CartPageTest" name="verifyRemovingSingleItemHidesFooter" time="1.107"/>
  <testcase classname="com.example.Tests.CartPageTest" name="verifySingleItemIsRendered" time="0.956"/>
  <testcase classname="com.example.Tests.PaymentPageTest" name="verifyCardNumberAutoFormatting" time="1.205"/>
  <testcase classname="com.example.Tests.PaymentPageTest" name="verifyCvvAllowsOnlyDigitsAndMaxLengthFour" time="1.212"/>
  <testcase classname="com.example.Tests.PaymentPageTest" name="verifyExpiryAutoFormatting" time="1.435"/>
  <testcase classname="com.example.Tests.PaymentPageTest" name="verifyNoCartMessageWhenOpeningPaymentWithEmptyCart" time="0.544"/>
  <testcase classname="com.example.Tests.PaymentPageTest" name="verifyOrderSummaryForMultipleItems" time="1.473"/>
  <testcase classname="com.example.Tests.PaymentPageTest" name="verifyOrderSummaryShowsAddedItems" time="1.181"/>
  <testcase classname="com.example.Tests.PaymentPageTest" name="verifyOrderTotalForMultipleItems" time="1.562"/>
  <testcase classname="com.example.Tests.PaymentPageTest" name="verifyOrderTotalForSingleItem" time="1.241"/>
  <testcase classname="com.example.Tests.PaymentPageTest" name="verifyPaymentPageLoadsAfterCheckout" time="1.239"/>
  <testcase classname="com.example.Tests.PaymentPageTest" name="verifySuccessfulPaymentRedirectsToOrders" time="5.319"/>
  <testcase classname="com.example.Tests.PaymentPageTest" name="verifyValidationForEmptyCardholderName" time="4.285"/>
  <testcase classname="com.example.Tests.PaymentPageTest" name="verifyValidationForInvalidCardNumber" time="3.282"/>
  <testcase classname="com.example.Tests.PaymentPageTest" name="verifyValidationForInvalidCvv" time="3.885"/>
  <testcase classname="com.example.Tests.PaymentPageTest" name="verifyValidationForInvalidExpiry" time="3.711"/>
  <testcase classname="com.example.Tests.PaymentPageTest" name="verifyValidationForMissingCountry" time="2.779"/>
  <testcase classname="com.example.Tests.OrdersPageTest" name="verifyAnotherPurchaseAddsAnotherRenderedOrder" time="7.121"/>
  <testcase classname="com.example.Tests.OrdersPageTest" name="verifyAtLeastOneOrderCardRendered" time="3.763"/>
  <testcase classname="com.example.Tests.OrdersPageTest" name="verifyNewPurchaseIncreasesStoredOrderCount" time="3.655"/>
  <testcase classname="com.example.Tests.OrdersPageTest" name="verifyNoOrdersMessageWhenOrderListIsEmpty" time="10.353"/>
  <testcase classname="com.example.Tests.OrdersPageTest" name="verifyOrderContainsLineItems" time="3.787"/>
  <testcase classname="com.example.Tests.OrdersPageTest" name="verifyOrderIdFormatStartsWithGS" time="3.627"/>
  <testcase classname="com.example.Tests.OrdersPageTest" name="verifyOrderMetaContainsPurchasedLabel" time="3.844"/>
  <testcase classname="com.example.Tests.OrdersPageTest" name="verifyOrderTotalPriceIsDisplayed" time="3.905"/>
  <testcase classname="com.example.Tests.OrdersPageTest" name="verifyOrdersListVisibleWhenOrdersExist" time="3.678"/>
  <testcase classname="com.example.Tests.OrdersPageTest" name="verifyOrdersPageLoads" time="0.346"/>
  <testcase classname="com.example.Tests.OrdersPageTest" name="verifyOrdersPageUrlIsCorrect" time="3.706"/>
  <testcase classname="com.example.Tests.OrdersPageTest" name="verifyStoredOrdersCountIsPositive" time="3.654"/>
  <testcase classname="com.example.Tests.OrdersPageTest" name="verifySuccessBannerShownAfterPaymentRedirect" time="3.745"/>
</testsuite> <!-- LoginTests -->
