<?xml version="1.0" encoding="UTF-8"?>
<testsuite xmlns:xsi="http://www.w3.org/2001/XMLSchema-instance" xsi:noNamespaceSchemaLocation="https://maven.apache.org/surefire/maven-surefire-plugin/xsd/surefire-test-report.xsd" version="3.0.1" name="TestSuite" time="418.092" tests="65" errors="0" skipped="0" failures="0">
  <properties>
[...]
</properties>
  <testcase name="loginWithEmptyFields" classname="com.example.Tests.LoginPageTest" time="0.409">
    <system-err><![CDATA[[main] WARN org.testng.TestNG - Ignoring duplicate listener : io.qameta.allure.testng.AllureTestNg
[main] WARN org.testng.TestNG - Ignoring duplicate listener : io.qameta.allure.testng.AllureTestNg
[main] WARN org.testng.TestNG - Ignoring duplicate listener : io.qameta.allure.testng.AllureTestNg
]]></system-err>
  </testcase>
  <testcase name="loginWithInvalidEmail" classname="com.example.Tests.LoginPageTest" time="0.621"/>
  <testcase name="loginWithShortPassword" classname="com.example.Tests.LoginPageTest" time="0.295"/>
  <testcase name="loginWithWrongPassword" classname="com.example.Tests.LoginPageTest" time="0.456"/>
  <testcase name="multipleInvalidLoginAttempts" classname="com.example.Tests.LoginPageTest" time="1.68"/>
  <testcase name="verifyEmailFieldInput" classname="com.example.Tests.LoginPageTest" time="0.167"/>
  <testcase name="verifyLoginButtonEnabled" classname="com.example.Tests.LoginPageTest" time="0.076"/>
  <testcase name="verifyLoginPageLoads" classname="com.example.Tests.LoginPageTest" time="0.041"/>
  <testcase name="verifyPasswordIsHidden" classname="com.example.Tests.LoginPageTest" time="0.062"/>
  <testcase name="verifySignupTabSwitch" classname="com.example.Tests.LoginPageTest" time="0.213"/>
  <testcase name="verifyGamesGridLoads" classname="com.example.Tests.HomePageTest" time="0.169"/>
  <testcase name="verifyHomePageLoads" classname="com.example.Tests.HomePageTest" time="0.086"/>
  <testcase name="verifyPageTitle" classname="com.example.Tests.HomePageTest" time="0.11"/>
  <testcase name="verifyResetButtonVisible" classname="com.example.Tests.HomePageTest" time="0.047"/>
  <testcase name="verifyResetClearsSearch" classname="com.example.Tests.HomePageTest" time="0.224"/>
  <testcase name="verifySearchBoxEnabled" classname="com.example.Tests.HomePageTest" time="0.057"/>
  <testcase name="verifySearchBoxInitiallyEmpty" classname="com.example.Tests.HomePageTest" time="0.061"/>
  <testcase name="verifySearchBoxVisible" classname="com.example.Tests.HomePageTest" time="0.061"/>
  <testcase name="verifySearchFunctionality" classname="com.example.Tests.HomePageTest" time="0.085"/>
  <testcase name="verifySearchValueUpdatesOnSecondInput" classname="com.example.Tests.HomePageTest" time="0.193"/>
  <testcase name="verifySubtitleIsVisibleAndNotEmpty" classname="com.example.Tests.HomePageTest" time="0.043"/>
  <testcase name="verifyToastContainerExists" classname="com.example.Tests.HomePageTest" time="0.024"/>
  <testcase name="verifyUnknownSearchShowsEmptyMessage" classname="com.example.Tests.HomePageTest" time="0.113"/>
  <testcase name="verifyUrlIsHomePage" classname="com.example.Tests.HomePageTest" time="0.018"/>
  <testcase name="verifyCartPageLoads" classname="com.example.Tests.CartPageTest" time="0.401"/>
  <testcase name="verifyCheckoutNavigatesToPaymentPage" classname="com.example.Tests.CartPageTest" time="1.187"/>
  <testcase name="verifyDecreaseQuantityDoesNotGoBelowOne" classname="com.example.Tests.CartPageTest" time="1.239"/>
  <testcase name="verifyEmptyCartMessageShown" classname="com.example.Tests.CartPageTest" time="0.372"/>
  <testcase name="verifyFooterHiddenWhenCartIsEmpty" classname="com.example.Tests.CartPageTest" time="0.382"/>
  <testcase name="verifyFooterVisibleWhenCartHasItems" classname="com.example.Tests.CartPageTest" time="1.359"/>
  <testcase name="verifyGrandTotalForMultipleItems" classname="com.example.Tests.CartPageTest" time="1.014"/>
  <testcase name="verifyGrandTotalForSingleItem" classname="com.example.Tests.CartPageTest" time="0.916"/>
  <testcase name="verifyIncreaseQuantityUpdatesCount" classname="com.example.Tests.CartPageTest" time="1.031"/>
  <testcase name="verifyRemoveItemMakesCartEmpty" classname="com.example.Tests.CartPageTest" time="11.152"/>
  <testcase name="verifyRemovingOneItemKeepsOtherItemInCart" classname="com.example.Tests.CartPageTest" time="0.962"/>
  <testcase name="verifyRemovingSingleItemHidesFooter" classname="com.example.Tests.CartPageTest" time="1.139"/>
  <testcase name="verifySingleItemIsRendered" classname="com.example.Tests.CartPageTest" time="0.987"/>
  <testcase name="verifyCardNumberAutoFormatting" classname="com.example.Tests.PaymentPageTest" time="1.22"/>
  <testcase name="verifyCvvAllowsOnlyDigitsAndMaxLengthFour" classname="com.example.Tests.PaymentPageTest" time="1.242"/>
  <testcase name="verifyExpiryAutoFormatting" classname="com.example.Tests.PaymentPageTest" time="1.481"/>
  <testcase name="verifyNoCartMessageWhenOpeningPaymentWithEmptyCart" classname="com.example.Tests.PaymentPageTest" time="0.579"/>
  <testcase name="verifyOrderSummaryForMultipleItems" classname="com.example.Tests.PaymentPageTest" time="1.515"/>
  <testcase name="verifyOrderSummaryShowsAddedItems" classname="com.example.Tests.PaymentPageTest" time="1.21"/>
  <testcase name="verifyOrderTotalForMultipleItems" classname="com.example.Tests.PaymentPageTest" time="1.563"/>
  <testcase name="verifyOrderTotalForSingleItem" classname="com.example.Tests.PaymentPageTest" time="1.276"/>
  <testcase name="verifyPaymentPageLoadsAfterCheckout" classname="com.example.Tests.PaymentPageTest" time="1.265"/>
  <testcase name="verifySuccessfulPaymentRedirectsToOrders" classname="com.example.Tests.PaymentPageTest" time="5.356"/>
  <testcase name="verifyValidationForEmptyCardholderName" classname="com.example.Tests.PaymentPageTest" time="4.309"/>
  <testcase name="verifyValidationForInvalidCardNumber" classname="com.example.Tests.PaymentPageTest" time="3.317"/>
  <testcase name="verifyValidationForInvalidCvv" classname="com.example.Tests.PaymentPageTest" time="3.915"/>
  <testcase name="verifyValidationForInvalidExpiry" classname="com.example.Tests.PaymentPageTest" time="3.748"/>
  <testcase name="verifyValidationForMissingCountry" classname="com.example.Tests.PaymentPageTest" time="2.809"/>
  <testcase name="verifyAnotherPurchaseAddsAnotherRenderedOrder" classname="com.example.Tests.OrdersPageTest" time="7.151"/>
  <testcase name="verifyAtLeastOneOrderCardRendered" classname="com.example.Tests.OrdersPageTest" time="3.797"/>
  <testcase name="verifyNewPurchaseIncreasesStoredOrderCount" classname="com.example.Tests.OrdersPageTest" time="3.686"/>
  <testcase name="verifyNoOrdersMessageWhenOrderListIsEmpty" classname="com.example.Tests.OrdersPageTest" time="10.389"/>
  <testcase name="verifyOrderContainsLineItems" classname="com.example.Tests.OrdersPageTest" time="3.817"/>
  <testcase name="verifyOrderIdFormatStartsWithGS" classname="com.example.Tests.OrdersPageTest" time="3.654"/>
  <testcase name="verifyOrderMetaContainsPurchasedLabel" classname="com.example.Tests.OrdersPageTest" time="3.866"/>
  <testcase name="verifyOrderTotalPriceIsDisplayed" classname="com.example.Tests.OrdersPageTest" time="3.926"/>
  <testcase name="verifyOrdersListVisibleWhenOrdersExist" classname="com.example.Tests.OrdersPageTest" time="3.706"/>
  <testcase name="verifyOrdersPageLoads" classname="com.example.Tests.OrdersPageTest" time="0.365"/>
  <testcase name="verifyOrdersPageUrlIsCorrect" classname="com.example.Tests.OrdersPageTest" time="3.733"/>
  <testcase name="verifyStoredOrdersCountIsPositive" classname="com.example.Tests.OrdersPageTest" time="3.687"/>
  <testcase name="verifySuccessBannerShownAfterPaymentRedirect" classname="com.example.Tests.OrdersPageTest" time="3.767"/>
</testsuite>