<?xml version="1.0" encoding="UTF-8"?>
<!-- Generated by org.testng.reporters.JUnitReportReporter -->
<testsuite hostname="IBM-DK1C6F4" failures="0" tests="10" name="com.example.Tests.LoginPageTest" time="66.737" errors="0" timestamp="2026-02-23T11:17:28 IST" skipped="0">
  <testcase classname="com.example.Tests.LoginPageTest" name="multipleInvalidLoginAttempts" time="6.951"/>
  <testcase classname="com.example.Tests.LoginPageTest" name="verifyLoginPageLoads" time="5.006"/>
  <testcase classname="com.example.Tests.LoginPageTest" name="verifyEmailFieldInput" time="4.782"/>
  <testcase classname="com.example.Tests.LoginPageTest" name="verifyLoginButtonEnabled" time="7.621"/>
  <testcase classname="com.example.Tests.LoginPageTest" name="verifySignupTabSwitch" time="8.498"/>
  <testcase classname="com.example.Tests.LoginPageTest" name="loginWithWrongPassword" time="8.884"/>
  <testcase classname="com.example.Tests.LoginPageTest" name="loginWithEmptyFields" time="5.316"/>
  <testcase classname="com.example.Tests.LoginPageTest" name="verifyPasswordIsHidden" time="5.124"/>
  <testcase classname="com.example.Tests.LoginPageTest" name="loginWithShortPassword" time="7.018"/>
  <testcase classname="com.example.Tests.LoginPageTest" name="loginWithInvalidEmail" time="7.537"/>
</testsuite> <!-- com.example.Tests.LoginPageTest -->
