<?xml version="1.0" encoding="UTF-8"?>
<!-- Generated by org.testng.reporters.JUnitReportReporter -->
<testsuite hostname="IBM-DK1C6F4" failures="0" tests="15" name="com.example.Tests.PaymentPageTest" time="96.499" errors="0" timestamp="2026-02-23T11:17:28 IST" skipped="0">
  <testcase classname="com.example.Tests.PaymentPageTest" name="verifyValidationForInvalidCvv" time="10.540"/>
  <testcase classname="com.example.Tests.PaymentPageTest" name="verifyValidationForInvalidCardNumber" time="7.595"/>
  <testcase classname="com.example.Tests.PaymentPageTest" name="verifyValidationForMissingCountry" time="7.149"/>
  <testcase classname="com.example.Tests.PaymentPageTest" name="verifyCvvAllowsOnlyDigitsAndMaxLengthFour" time="4.777"/>
  <testcase classname="com.example.Tests.PaymentPageTest" name="verifyValidationForInvalidExpiry" time="7.385"/>
  <testcase classname="com.example.Tests.PaymentPageTest" name="verifyOrderSummaryShowsAddedItems" time="4.872"/>
  <testcase classname="com.example.Tests.PaymentPageTest" name="verifyValidationForEmptyCardholderName" time="8.006"/>
  <testcase classname="com.example.Tests.PaymentPageTest" name="verifyOrderTotalForSingleItem" time="6.256"/>
  <testcase classname="com.example.Tests.PaymentPageTest" name="verifySuccessfulPaymentRedirectsToOrders" time="9.265"/>
  <testcase classname="com.example.Tests.PaymentPageTest" name="verifyOrderSummaryForMultipleItems" time="5.074"/>
  <testcase classname="com.example.Tests.PaymentPageTest" name="verifyPaymentPageLoadsAfterCheckout" time="5.044"/>
  <testcase classname="com.example.Tests.PaymentPageTest" name="verifyExpiryAutoFormatting" time="5.263"/>
  <testcase classname="com.example.Tests.PaymentPageTest" name="verifyNoCartMessageWhenOpeningPaymentWithEmptyCart" time="4.777"/>
  <testcase classname="com.example.Tests.PaymentPageTest" name="verifyCardNumberAutoFormatting" time="4.873"/>
  <testcase classname="com.example.Tests.PaymentPageTest" name="verifyOrderTotalForMultipleItems" time="5.623"/>
</testsuite> <!-- com.example.Tests.PaymentPageTest -->
