<?xml version="1.0" encoding="UTF-8"?>
<!-- Generated by org.testng.reporters.JUnitReportReporter -->
<testsuite hostname="IBM-DK1C6F4" failures="0" tests="14" name="com.example.Tests.HomePageTest" time="61.061" errors="0" timestamp="2026-02-23T11:17:28 IST" skipped="0">
  <testcase classname="com.example.Tests.HomePageTest" name="verifyUnknownSearchShowsEmptyMessage" time="4.272"/>
  <testcase classname="com.example.Tests.HomePageTest" name="verifyToastContainerExists" time="4.322"/>
  <testcase classname="com.example.Tests.HomePageTest" name="verifyResetButtonVisible" time="4.113"/>
  <testcase classname="com.example.Tests.HomePageTest" name="verifyGamesGridLoads" time="5.479"/>
  <testcase classname="com.example.Tests.HomePageTest" name="verifySearchBoxVisible" time="4.267"/>
  <testcase classname="com.example.Tests.HomePageTest" name="verifySearchBoxEnabled" time="4.127"/>
  <testcase classname="com.example.Tests.HomePageTest" name="verifyPageTitle" time="4.131"/>
  <testcase classname="com.example.Tests.HomePageTest" name="verifyResetClearsSearch" time="4.273"/>
  <testcase classname="com.example.Tests.HomePageTest" name="verifySubtitleIsVisibleAndNotEmpty" time="4.864"/>
  <testcase classname="com.example.Tests.HomePageTest" name="verifyUrlIsHomePage" time="4.256"/>
  <testcase classname="com.example.Tests.HomePageTest" name="verifyHomePageLoads" time="4.232"/>
  <testcase classname="com.example.Tests.HomePageTest" name="verifySearchBoxInitiallyEmpty" time="4.406"/>
  <testcase classname="com.example.Tests.HomePageTest" name="verifySearchValueUpdatesOnSecondInput" time="4.086"/>
  <testcase classname="com.example.Tests.HomePageTest" name="verifySearchFunctionality" time="4.233"/>
</testsuite> <!-- com.example.Tests.HomePageTest -->
