<?xml version="1.0" encoding="UTF-8"?>
<!-- Generated by org.testng.reporters.JUnitReportReporter -->
<testsuite hostname="IBM-DK1C6F4" failures="0" tests="13" name="com.example.Tests.CartPageTest" time="76.748" errors="0" timestamp="2026-02-23T11:17:28 IST" skipped="0">
  <testcase classname="com.example.Tests.CartPageTest" name="verifyRemovingOneItemKeepsOtherItemInCart" time="5.288"/>
  <testcase classname="com.example.Tests.CartPageTest" name="verifyCartPageLoads" time="4.616"/>
  <testcase classname="com.example.Tests.CartPageTest" name="verifyFooterVisibleWhenCartHasItems" time="5.493"/>
  <testcase classname="com.example.Tests.CartPageTest" name="verifyEmptyCartMessageShown" time="4.680"/>
  <testcase classname="com.example.Tests.CartPageTest" name="verifyGrandTotalForMultipleItems" time="5.092"/>
  <testcase classname="com.example.Tests.CartPageTest" name="verifyGrandTotalForSingleItem" time="5.391"/>
  <testcase classname="com.example.Tests.CartPageTest" name="verifyDecreaseQuantityDoesNotGoBelowOne" time="5.461"/>
  <testcase classname="com.example.Tests.CartPageTest" name="verifyRemoveItemMakesCartEmpty" time="15.001"/>
  <testcase classname="com.example.Tests.CartPageTest" name="verifyRemovingSingleItemHidesFooter" time="5.696"/>
  <testcase classname="com.example.Tests.CartPageTest" name="verifySingleItemIsRendered" time="4.987"/>
  <testcase classname="com.example.Tests.CartPageTest" name="verifyCheckoutNavigatesToPaymentPage" time="5.698"/>
  <testcase classname="com.example.Tests.CartPageTest" name="verifyFooterHiddenWhenCartIsEmpty" time="4.173"/>
  <testcase classname="com.example.Tests.CartPageTest" name="verifyIncreaseQuantityUpdatesCount" time="5.172"/>
</testsuite> <!-- com.example.Tests.CartPageTest -->
