<?xml version="1.0" encoding="UTF-8"?>
<!-- Generated by org.testng.reporters.JUnitReportReporter -->
<testsuite hostname="IBM-DK1C6F4" failures="0" tests="13" name="com.example.Tests.OrdersPageTest" time="110.729" errors="0" timestamp="2026-02-23T11:17:28 IST" skipped="0">
  <testcase classname="com.example.Tests.OrdersPageTest" name="verifyOrdersPageLoads" time="4.518"/>
  <testcase classname="com.example.Tests.OrdersPageTest" name="verifyAtLeastOneOrderCardRendered" time="8.145"/>
  <testcase classname="com.example.Tests.OrdersPageTest" name="verifyOrdersPageUrlIsCorrect" time="7.879"/>
  <testcase classname="com.example.Tests.OrdersPageTest" name="verifyStoredOrdersCountIsPositive" time="7.823"/>
  <testcase classname="com.example.Tests.OrdersPageTest" name="verifyOrderIdFormatStartsWithGS" time="8.016"/>
  <testcase classname="com.example.Tests.OrdersPageTest" name="verifyNewPurchaseIncreasesStoredOrderCount" time="8.083"/>
  <testcase classname="com.example.Tests.OrdersPageTest" name="verifyNoOrdersMessageWhenOrderListIsEmpty" time="14.595"/>
  <testcase classname="com.example.Tests.OrdersPageTest" name="verifyOrdersListVisibleWhenOrdersExist" time="7.928"/>
  <testcase classname="com.example.Tests.OrdersPageTest" name="verifyAnotherPurchaseAddsAnotherRenderedOrder" time="11.413"/>
  <testcase classname="com.example.Tests.OrdersPageTest" name="verifySuccessBannerShownAfterPaymentRedirect" time="8.052"/>
  <testcase classname="com.example.Tests.OrdersPageTest" name="verifyOrderMetaContainsPurchasedLabel" time="8.289"/>
  <testcase classname="com.example.Tests.OrdersPageTest" name="verifyOrderTotalPriceIsDisplayed" time="7.990"/>
  <testcase classname="com.example.Tests.OrdersPageTest" name="verifyOrderContainsLineItems" time="7.998"/>
</testsuite> <!-- com.example.Tests.OrdersPageTest -->
